<?xml version="1.0" encoding="UTF-8"?>
<!-- Generated by org.testng.reporters.JUnitReportReporter -->
<testsuite hostname="LAPTOP-DUK8DQ7F" failures="0" tests="1" name="testCases.Test_Pending_Leave_Request" time="3.433" errors="0" timestamp="2023-10-14T14:44:15 IST" skipped="0">
  <testcase classname="testCases.Test_Pending_Leave_Request" name="verifyOnLeaveToday" time="3.433"/>
</testsuite> <!-- testCases.Test_Pending_Leave_Request -->
